

Started GET "/" for ::1 at 2017-03-30 19:07:47 +0600

ActiveRecord::PendingMigrationError (

Migrations are pending. To resolve this issue, run:

	bin/rake db:migrate RAILS_ENV=development

):
  activerecord (4.2.3) lib/active_record/migration.rb:392:in `check_pending!'
  activerecord (4.2.3) lib/active_record/migration.rb:373:in `call'
  actionpack (4.2.3) lib/action_dispatch/middleware/callbacks.rb:29:in `block in call'
  activesupport (4.2.3) lib/active_support/callbacks.rb:84:in `run_callbacks'
  actionpack (4.2.3) lib/action_dispatch/middleware/callbacks.rb:27:in `call'
  actionpack (4.2.3) lib/action_dispatch/middleware/reloader.rb:73:in `call'
  actionpack (4.2.3) lib/action_dispatch/middleware/remote_ip.rb:78:in `call'
  actionpack (4.2.3) lib/action_dispatch/middleware/debug_exceptions.rb:17:in `call'
  web-console (2.2.1) lib/web_console/middleware.rb:39:in `call'
  actionpack (4.2.3) lib/action_dispatch/middleware/show_exceptions.rb:30:in `call'
  railties (4.2.3) lib/rails/rack/logger.rb:38:in `call_app'
  railties (4.2.3) lib/rails/rack/logger.rb:20:in `block in call'
  activesupport (4.2.3) lib/active_support/tagged_logging.rb:68:in `block in tagged'
  activesupport (4.2.3) lib/active_support/tagged_logging.rb:26:in `tagged'
  activesupport (4.2.3) lib/active_support/tagged_logging.rb:68:in `tagged'
  railties (4.2.3) lib/rails/rack/logger.rb:20:in `call'
  actionpack (4.2.3) lib/action_dispatch/middleware/request_id.rb:21:in `call'
  rack (1.6.4) lib/rack/methodoverride.rb:22:in `call'
  rack (1.6.4) lib/rack/runtime.rb:18:in `call'
  activesupport (4.2.3) lib/active_support/cache/strategy/local_cache_middleware.rb:28:in `call'
  rack (1.6.4) lib/rack/lock.rb:17:in `call'
  actionpack (4.2.3) lib/action_dispatch/middleware/static.rb:116:in `call'
  rack (1.6.4) lib/rack/sendfile.rb:113:in `call'
  railties (4.2.3) lib/rails/engine.rb:518:in `call'
  railties (4.2.3) lib/rails/application.rb:165:in `call'
  rack (1.6.4) lib/rack/lock.rb:17:in `call'
  rack (1.6.4) lib/rack/content_length.rb:15:in `call'
  rack (1.6.4) lib/rack/handler/webrick.rb:88:in `service'
  /Users/wetra/.rvm/rubies/ruby-2.2.2/lib/ruby/2.2.0/webrick/httpserver.rb:138:in `service'
  /Users/wetra/.rvm/rubies/ruby-2.2.2/lib/ruby/2.2.0/webrick/httpserver.rb:94:in `run'
  /Users/wetra/.rvm/rubies/ruby-2.2.2/lib/ruby/2.2.0/webrick/server.rb:294:in `block in start_thread'


  Rendered /Users/wetra/.rvm/gems/ruby-2.2.2/gems/actionpack-4.2.3/lib/action_dispatch/middleware/templates/rescues/_source.erb (2.0ms)
  Rendered /Users/wetra/.rvm/gems/ruby-2.2.2/gems/actionpack-4.2.3/lib/action_dispatch/middleware/templates/rescues/_trace.html.erb (1.9ms)
  Rendered /Users/wetra/.rvm/gems/ruby-2.2.2/gems/actionpack-4.2.3/lib/action_dispatch/middleware/templates/rescues/_request_and_response.html.erb (0.8ms)
  Rendered /Users/wetra/.rvm/gems/ruby-2.2.2/gems/actionpack-4.2.3/lib/action_dispatch/middleware/templates/rescues/diagnostics.html.erb within rescues/layout (53.9ms)
  Rendered /Users/wetra/.rvm/gems/ruby-2.2.2/gems/web-console-2.2.1/lib/web_console/templates/_markup.html.erb (0.4ms)
  Rendered /Users/wetra/.rvm/gems/ruby-2.2.2/gems/web-console-2.2.1/lib/web_console/templates/_inner_console_markup.html.erb within layouts/inlined_string (0.3ms)
  Rendered /Users/wetra/.rvm/gems/ruby-2.2.2/gems/web-console-2.2.1/lib/web_console/templates/_prompt_box_markup.html.erb within layouts/inlined_string (0.4ms)
  Rendered /Users/wetra/.rvm/gems/ruby-2.2.2/gems/web-console-2.2.1/lib/web_console/templates/style.css.erb within layouts/inlined_string (0.6ms)
  Rendered /Users/wetra/.rvm/gems/ruby-2.2.2/gems/web-console-2.2.1/lib/web_console/templates/console.js.erb within layouts/javascript (45.1ms)
  Rendered /Users/wetra/.rvm/gems/ruby-2.2.2/gems/web-console-2.2.1/lib/web_console/templates/main.js.erb within layouts/javascript (0.3ms)
  Rendered /Users/wetra/.rvm/gems/ruby-2.2.2/gems/web-console-2.2.1/lib/web_console/templates/error_page.js.erb within layouts/javascript (0.4ms)
  Rendered /Users/wetra/.rvm/gems/ruby-2.2.2/gems/web-console-2.2.1/lib/web_console/templates/index.html.erb (103.9ms)
  [1m[36m (1.1ms)[0m  [1mCREATE TABLE "schema_migrations" ("version" varchar NOT NULL) [0m
  [1m[35m (0.4ms)[0m  select sqlite_version(*)
  [1m[36m (0.7ms)[0m  [1mCREATE UNIQUE INDEX "unique_schema_migrations" ON "schema_migrations" ("version")[0m
  [1m[35mActiveRecord::SchemaMigration Load (0.1ms)[0m  SELECT "schema_migrations".* FROM "schema_migrations"
Migrating to CreateProducts (20150817135504)
  [1m[36m (0.1ms)[0m  [1mbegin transaction[0m
  [1m[35m (0.4ms)[0m  CREATE TABLE "products" ("id" INTEGER PRIMARY KEY AUTOINCREMENT NOT NULL, "title" varchar, "description" text, "price" decimal, "created_at" datetime NOT NULL, "updated_at" datetime NOT NULL) 
  [1m[36mSQL (0.2ms)[0m  [1mINSERT INTO "schema_migrations" ("version") VALUES (?)[0m  [["version", "20150817135504"]]
  [1m[35m (0.6ms)[0m  commit transaction
Migrating to CreateCategories (20150820141656)
  [1m[36m (0.0ms)[0m  [1mbegin transaction[0m
  [1m[35m (0.3ms)[0m  CREATE TABLE "categories" ("id" INTEGER PRIMARY KEY AUTOINCREMENT NOT NULL, "name" varchar, "created_at" datetime NOT NULL, "updated_at" datetime NOT NULL) 
  [1m[36mSQL (0.1ms)[0m  [1mINSERT INTO "schema_migrations" ("version") VALUES (?)[0m  [["version", "20150820141656"]]
  [1m[35m (0.9ms)[0m  commit transaction
Migrating to AddCategoryToProducts (20150820145141)
  [1m[36m (0.1ms)[0m  [1mbegin transaction[0m
  [1m[35m (0.5ms)[0m  ALTER TABLE "products" ADD "category_id" integer
  [1m[36m (0.1ms)[0m  [1mCREATE  INDEX "index_products_on_category_id" ON "products" ("category_id")[0m
  [1m[35mSQL (0.1ms)[0m  INSERT INTO "schema_migrations" ("version") VALUES (?)  [["version", "20150820145141"]]
  [1m[36m (0.6ms)[0m  [1mcommit transaction[0m
Migrating to CreateUsers (20151021132811)
  [1m[35m (0.0ms)[0m  begin transaction
  [1m[36m (0.3ms)[0m  [1mCREATE TABLE "users" ("id" INTEGER PRIMARY KEY AUTOINCREMENT NOT NULL, "name" varchar, "created_at" datetime NOT NULL, "updated_at" datetime NOT NULL) [0m
  [1m[35mSQL (0.2ms)[0m  INSERT INTO "schema_migrations" ("version") VALUES (?)  [["version", "20151021132811"]]
  [1m[36m (0.7ms)[0m  [1mcommit transaction[0m
Migrating to AddDeviseToUsers (20151021133017)
  [1m[35m (0.1ms)[0m  begin transaction
  [1m[36m (0.4ms)[0m  [1mALTER TABLE "users" ADD "email" varchar DEFAULT '' NOT NULL[0m
  [1m[35m (0.1ms)[0m  ALTER TABLE "users" ADD "encrypted_password" varchar DEFAULT '' NOT NULL
  [1m[36m (0.1ms)[0m  [1mALTER TABLE "users" ADD "remember_created_at" datetime[0m
  [1m[35m (0.1ms)[0m  ALTER TABLE "users" ADD "sign_in_count" integer DEFAULT 0 NOT NULL
  [1m[36m (0.1ms)[0m  [1mALTER TABLE "users" ADD "current_sign_in_at" datetime[0m
  [1m[35m (0.1ms)[0m  ALTER TABLE "users" ADD "last_sign_in_at" datetime
  [1m[36m (0.1ms)[0m  [1mALTER TABLE "users" ADD "current_sign_in_ip" varchar[0m
  [1m[35m (0.1ms)[0m  ALTER TABLE "users" ADD "last_sign_in_ip" varchar
  [1m[36m (0.5ms)[0m  [1mCREATE UNIQUE INDEX "index_users_on_email" ON "users" ("email")[0m
  [1m[35mSQL (0.1ms)[0m  INSERT INTO "schema_migrations" ("version") VALUES (?)  [["version", "20151021133017"]]
  [1m[36m (0.7ms)[0m  [1mcommit transaction[0m
Migrating to AddAdminToUsers (20151021143359)
  [1m[35m (0.1ms)[0m  begin transaction
  [1m[36m (0.4ms)[0m  [1mALTER TABLE "users" ADD "admin" boolean DEFAULT 'f'[0m
  [1m[35mSQL (0.1ms)[0m  INSERT INTO "schema_migrations" ("version") VALUES (?)  [["version", "20151021143359"]]
  [1m[36m (0.7ms)[0m  [1mcommit transaction[0m
  [1m[35mActiveRecord::SchemaMigration Load (0.1ms)[0m  SELECT "schema_migrations".* FROM "schema_migrations"
  [1m[36m (0.1ms)[0m  [1m            SELECT sql
            FROM sqlite_master
            WHERE name='index_products_on_category_id' AND type='index'
            UNION ALL
            SELECT sql
            FROM sqlite_temp_master
            WHERE name='index_products_on_category_id' AND type='index'
[0m
  [1m[35m (0.1ms)[0m              SELECT sql
            FROM sqlite_master
            WHERE name='index_users_on_email' AND type='index'
            UNION ALL
            SELECT sql
            FROM sqlite_temp_master
            WHERE name='index_users_on_email' AND type='index'



Started GET "/" for ::1 at 2017-03-30 19:07:57 +0600
  [1m[36mActiveRecord::SchemaMigration Load (0.1ms)[0m  [1mSELECT "schema_migrations".* FROM "schema_migrations"[0m
Processing by ProductsController#index as HTML
  [1m[35mCategory Load (0.1ms)[0m  SELECT "categories".* FROM "categories"
  [1m[36m (0.1ms)[0m  [1mSELECT COUNT(*) FROM "products"[0m
  [1m[35mProduct Load (0.1ms)[0m  SELECT  "products".* FROM "products" LIMIT 10 OFFSET 0
  Rendered products/index.html.erb within layouts/application (9.7ms)
  [1m[36mUser Load (0.3ms)[0m  [1mSELECT  "users".* FROM "users" WHERE "users"."id" = ?  ORDER BY "users"."id" ASC LIMIT 1[0m  [["id", 2]]
  Rendered layouts/application/_navbar.html.erb (21.7ms)
Completed 200 OK in 4937ms (Views: 4915.2ms | ActiveRecord: 1.9ms)


Started GET "/assets/jquery.self-d03a5518f45df77341bdbe6201ba3bfa547ebba8ed64f0ea56bfa5f96ea7c074.js?body=1" for ::1 at 2017-03-30 19:08:02 +0600


Started GET "/assets/application.self-c8556b57c88619a6b9ccb1711e1de10f5a961ebfff12c7b6d6dd90bf1540988f.css?body=1" for ::1 at 2017-03-30 19:08:02 +0600


Started GET "/assets/jquery_ujs.self-ca5248a2fad13d6bd58ea121318d642f195f0b2dd818b30615f785ff365e8d1f.js?body=1" for ::1 at 2017-03-30 19:08:02 +0600


Started GET "/assets/bootstrap.self-6c92f650931beefe48977f272b7015d6b9b45da8b09831ebf88e05193c12d355.js?body=1" for ::1 at 2017-03-30 19:08:02 +0600


Started GET "/assets/turbolinks.self-c37727e9bd6b2735da5c311aa83fead54ed0be6cc8bd9a65309e9c5abe2cbfff.js?body=1" for ::1 at 2017-03-30 19:08:02 +0600


Started GET "/assets/admin/categories.self-877aef30ae1b040ab8a3aba4e3e309a11d7f2612f44dde450b5c157aa5f95c05.js?body=1" for ::1 at 2017-03-30 19:08:02 +0600


Started GET "/assets/application.self-f8806224e027f3e3f0138ea9ce99319e298dfdb323304d1f1be6eae8e8c74724.js?body=1" for ::1 at 2017-03-30 19:08:02 +0600


Started GET "/assets/admin/products.self-877aef30ae1b040ab8a3aba4e3e309a11d7f2612f44dde450b5c157aa5f95c05.js?body=1" for ::1 at 2017-03-30 19:08:02 +0600
